<?xml version="1.0" encoding="UTF-8"?>
<!-- Generated by org.testng.reporters.JUnitReportReporter -->
<testsuite hostname="DESKTOP-4T5NIDP" failures="0" tests="1" name="Test.NewTest" time="23.250" errors="0" timestamp="2023-03-19T14:04:53 EET" skipped="0">
  <testcase classname="Test.NewTest" name="f" time="23.250"/>
  <system-out/>
</testsuite> <!-- Test.NewTest -->
